number,value,datetime_start,datetime_complete,duration,params_bagging_fraction,params_feature_fraction,params_learning_rate,params_min_child_samples,params_n_estimators,params_num_leaves,params_reg_alpha,params_reg_lambda,state
198,0.9053042117228904,2026-06-11 20:29:00.353120,2026-06-11 20:29:51.465519,0 days 00:00:51.112399,0.7918350825539275,0.6817360870579057,0.018551957173639652,77,494,25,0.05735020147404292,0.6674191357933423,COMPLETE
199,0.9042655250520524,2026-06-11 20:29:51.467017,2026-06-11 20:30:36.271673,0 days 00:00:44.804656,0.6192442759909869,0.6320737026259569,0.020610755143371833,108,385,34,0.08828000511562109,0.43306898993200854,COMPLETE
