number,value,datetime_start,datetime_complete,duration,params_bagging_fraction,params_feature_fraction,params_learning_rate,params_min_child_samples,params_n_estimators,params_num_leaves,params_reg_alpha,params_reg_lambda,state
99,0.8930146652226814,2026-06-11 18:46:14.767936,2026-06-11 18:46:30.658228,0 days 00:00:15.890292,0.7313646971109353,0.715339096347328,0.014734852261482405,50,111,30,0.07549309020890987,0.4865621301325005,COMPLETE
100,0.9049633565964423,2026-06-11 18:46:30.659530,2026-06-11 18:47:24.644020,0 days 00:00:53.984490,0.9367426248649988,0.5809580050383781,0.01815835183693892,117,393,38,0.14812567966439769,0.23894333015684938,COMPLETE
101,0.9035743720563268,2026-06-11 18:47:24.645388,2026-06-11 18:48:19.434544,0 days 00:00:54.789156,0.9238222286318662,0.6331150191558231,0.02975094725548562,63,443,40,0.031429519437812546,0.31144657175589885,COMPLETE
102,0.9060443884141203,2026-06-11 18:48:19.436040,2026-06-11 18:49:02.822572,0 days 00:00:43.386532,0.8948257438824867,0.6511309323067592,0.031781354572925,83,406,27,0.02011107163373148,0.1662386297141345,COMPLETE
103,0.9035455507236505,2026-06-11 18:49:02.824055,2026-06-11 18:49:38.905237,0 days 00:00:36.081182,0.8938239102346413,0.6524041861801007,0.03227802684249083,84,407,15,0.24883333314622513,0.16218687278163127,COMPLETE
104,0.9058130579927123,2026-06-11 18:49:38.906667,2026-06-11 18:50:27.004511,0 days 00:00:48.097844,0.9508452314819071,0.6741432149473128,0.02629747553532263,103,429,27,0.01126204685977277,0.12557721588461518,COMPLETE
105,0.904865639712353,2026-06-11 18:50:27.006080,2026-06-11 18:51:11.336173,0 days 00:00:44.330093,0.9478866947682741,0.6729144469780612,0.03903721993193916,74,416,28,0.017381470239046945,0.10538323784968383,COMPLETE
106,0.9048953445898759,2026-06-11 18:51:11.337787,2026-06-11 18:51:55.998667,0 days 00:00:44.660880,0.8639908425594323,0.6377906397691221,0.026138417498249713,102,375,27,0.4136095249236552,0.12799842244621093,COMPLETE
107,0.9044744938634864,2026-06-11 18:51:56.000276,2026-06-11 18:52:36.339233,0 days 00:00:40.338957,0.9852364446017645,0.6582207674035225,0.02319615504757984,91,356,26,0.012019301441492394,0.11479225871518478,COMPLETE
108,0.9058837686205717,2026-06-11 18:52:36.340742,2026-06-11 18:53:32.029768,0 days 00:00:55.689026,0.9112904685500234,0.6248128517225455,0.025080241383597913,59,468,34,0.02081887979746721,0.13910425019242134,COMPLETE
109,0.9059215771320698,2026-06-11 18:53:32.031285,2026-06-11 18:54:29.536020,0 days 00:00:57.504735,0.6457163291598536,0.6231134226760913,0.01933752273692595,59,491,34,0.04710223186521498,0.14706404453296143,COMPLETE
110,0.9059024482474042,2026-06-11 18:54:29.537471,2026-06-11 18:55:31.016586,0 days 00:01:01.479115,0.6439605482072097,0.6053526922847037,0.01994632453703311,67,491,35,0.08253170891066203,0.18365139806439518,COMPLETE
111,0.9048853642215092,2026-06-11 18:55:31.018130,2026-06-11 18:56:34.039968,0 days 00:01:03.021838,0.6517525738122522,0.6122144785068024,0.019455593282642465,69,492,36,0.08561001093921611,0.17945152330216602,COMPLETE
112,0.90468342958156,2026-06-11 18:56:34.041612,2026-06-11 18:57:35.908542,0 days 00:01:01.866930,0.6462649507995657,0.5905877153124837,0.020819175891833363,82,484,37,0.050751450886444546,0.19053835458321938,COMPLETE
113,0.9063379698679852,2026-06-11 18:57:35.910064,2026-06-11 18:58:31.241141,0 days 00:00:55.331077,0.6849529624197349,0.6421315872646941,0.017491792769337423,50,478,35,0.0419322174615081,0.1464271658091214,COMPLETE
114,0.9060978594528084,2026-06-11 18:58:31.242729,2026-06-11 18:59:26.219092,0 days 00:00:54.976363,0.6768398483490067,0.6213286643334899,0.017960236884834637,58,472,33,0.03952548747179866,0.14881287508813804,COMPLETE
115,0.9057829618701523,2026-06-11 18:59:26.220546,2026-06-11 19:00:19.871202,0 days 00:00:53.650656,0.686509792845656,0.6408279604856408,0.01657137910302127,51,476,33,0.03612462823612749,0.17379668094172243,COMPLETE
116,0.9062373108945124,2026-06-11 19:00:19.872670,2026-06-11 19:01:14.959133,0 days 00:00:55.086463,0.6629713823909994,0.624129569600379,0.0178299096880827,56,500,32,0.040891520173363415,0.14553608869186663,COMPLETE
117,0.9057316302475009,2026-06-11 19:01:14.960599,2026-06-11 19:02:04.307316,0 days 00:00:49.346717,0.6720689920579618,0.6506340468723435,0.01758637636256737,81,470,29,0.039527185567120725,0.1604235318057984,COMPLETE
118,0.9013325843461244,2026-06-11 19:02:04.308835,2026-06-11 19:02:55.632528,0 days 00:00:51.323693,0.7006494395408672,0.6875394739113675,0.01229558499449536,94,453,32,0.025517063065493617,0.11765086987076848,COMPLETE
119,0.904698234818436,2026-06-11 19:02:55.633610,2026-06-11 19:03:47.018917,0 days 00:00:51.385307,0.6834659557364828,0.6316798994511875,0.015213379477918206,59,459,32,0.06438155820778838,0.13946774819832766,COMPLETE
120,0.9030668804108796,2026-06-11 19:03:47.020444,2026-06-11 19:04:40.435015,0 days 00:00:53.414571,0.6652861512111162,0.6631795046734665,0.01318475007527027,74,485,31,0.2924028553394938,0.20413180014579949,COMPLETE
121,0.9063546431925548,2026-06-11 19:04:40.437892,2026-06-11 19:05:59.464403,0 days 00:01:19.026511,0.6280314734660198,0.6236420566968522,0.019191404453497405,62,483,34,0.04425562390512474,0.1510282454750655,COMPLETE
122,0.9065055870073496,2026-06-11 19:05:59.469471,2026-06-11 19:07:00.864002,0 days 00:01:01.394531,0.6124428329126678,0.644735400069517,0.021491260759956388,51,482,35,0.1305612890567883,0.10560159587882537,COMPLETE
123,0.9064680143867142,2026-06-11 19:07:00.865476,2026-06-11 19:08:03.660364,0 days 00:01:02.794888,0.6079687054784366,0.6163436294049177,0.01855525024504302,51,498,35,0.1605107355132452,0.102210860621778,COMPLETE
124,0.9049949540459954,2026-06-11 19:08:03.661865,2026-06-11 19:09:06.565371,0 days 00:01:02.903506,0.5921002323511346,0.6171405414118815,0.016308761909951515,55,497,35,0.17807469701220538,0.11491052453674097,COMPLETE
125,0.9060524630668065,2026-06-11 19:09:06.567281,2026-06-11 19:10:09.192544,0 days 00:01:02.625263,0.6233135258787416,0.5872496062670018,0.018156672652937397,51,483,37,0.14169156600785981,0.10388125693500709,COMPLETE
126,0.9059101406242489,2026-06-11 19:10:09.194901,2026-06-11 19:11:15.097088,0 days 00:01:05.902187,0.6053161754526677,0.5642694635154997,0.018244488338919115,51,500,36,0.13011136985916635,0.12880966210957961,COMPLETE
127,0.9048225253907037,2026-06-11 19:11:15.098583,2026-06-11 19:12:17.758067,0 days 00:01:02.659484,0.6163684205248194,0.5998978885559844,0.013924764883979597,61,479,37,0.10230876370168304,0.10758411850849804,COMPLETE
128,0.9050121602543713,2026-06-11 19:12:17.759700,2026-06-11 19:13:24.299057,0 days 00:01:06.539357,0.6023682917445593,0.5229264156805583,0.01722163909651553,68,483,38,0.17233885480158712,0.13643934086368556,COMPLETE
129,0.9060564345309725,2026-06-11 19:13:24.300631,2026-06-11 19:14:26.280319,0 days 00:01:01.979688,0.6162610368831716,0.5879239791981863,0.018717319486688568,51,473,39,0.12582224446009033,0.10215815555370693,COMPLETE
130,0.9046350654311025,2026-06-11 19:14:26.281863,2026-06-11 19:15:30.162316,0 days 00:01:03.880453,0.6310146774812484,0.5526238905891225,0.021494213965596073,90,471,42,0.09209553586937701,0.1517741867854861,COMPLETE
131,0.9052135609944795,2026-06-11 19:15:30.163908,2026-06-11 19:16:27.660418,0 days 00:00:57.496510,0.6274406263214493,0.5858918050533519,0.018602087216346878,51,480,39,0.11475056864367832,0.10206480097357747,COMPLETE
132,0.905547359098663,2026-06-11 19:16:27.661856,2026-06-11 19:17:27.890560,0 days 00:01:00.228704,0.6089225470773242,0.5694292826413639,0.017542822633068,60,492,34,0.12731284628511755,0.1039270818714856,COMPLETE
133,0.9064230371220887,2026-06-11 19:17:27.892142,2026-06-11 19:18:25.735908,0 days 00:00:57.843766,0.5805146849693579,0.611266843056355,0.018958957970305404,75,500,36,0.14832204540108077,0.12294952609945607,COMPLETE
134,0.9061962552293447,2026-06-11 19:18:25.737316,2026-06-11 19:19:22.732504,0 days 00:00:56.995188,0.5780297837126678,0.614323446008123,0.022976041809865812,76,499,35,0.06423466608788289,0.11782260056148641,COMPLETE
135,0.905785382873506,2026-06-11 19:19:22.733937,2026-06-11 19:20:19.586413,0 days 00:00:56.852476,0.5828227582151911,0.6087485548316501,0.02314629059171659,77,496,35,0.0730428010007378,0.12036201662016012,COMPLETE
136,0.9068204439368094,2026-06-11 19:20:19.587843,2026-06-11 19:21:16.632443,0 days 00:00:57.044600,0.5564219674307773,0.6219331458401207,0.01935303975578704,84,472,39,0.06179489940093002,0.11389053061184697,COMPLETE
137,0.9052229758948533,2026-06-11 19:21:16.633891,2026-06-11 19:22:10.748165,0 days 00:00:54.114274,0.5598462136582082,0.6208392530748443,0.015980620267808342,88,465,36,0.05408104151111988,0.13223409324013474,COMPLETE
138,0.9049052692342688,2026-06-11 19:22:10.749656,2026-06-11 19:23:04.791868,0 days 00:00:54.042212,0.5337831341878493,0.6370786620302681,0.014849098652475495,75,487,34,0.06269341749998228,0.11870743180654493,COMPLETE
139,0.9055143396655149,2026-06-11 19:23:04.793358,2026-06-11 19:24:01.086662,0 days 00:00:56.293304,0.5801426444546995,0.6290455746859716,0.019741856342976073,102,476,41,0.041743341704983096,0.14928695621399163,COMPLETE
140,0.9031532526729251,2026-06-11 19:24:01.088195,2026-06-11 19:24:54.251477,0 days 00:00:53.163282,0.5511493758635011,0.6024312292837829,0.02264306326497446,387,451,36,0.025290554096980573,0.11500447252223184,COMPLETE
141,0.9061474450109827,2026-06-11 19:24:54.252875,2026-06-11 19:25:54.320417,0 days 00:01:00.067542,0.5680961293987951,0.5929649939187472,0.019612851577018694,66,471,38,0.20633603545791568,0.10043706227248966,COMPLETE
142,0.9052930603805759,2026-06-11 19:25:54.321989,2026-06-11 19:26:53.779311,0 days 00:00:59.457322,0.5641176637403392,0.6132155551842816,0.021359057314085956,66,500,38,0.19903465650661226,0.13550853544171745,COMPLETE
143,0.9058521247274406,2026-06-11 19:26:53.780777,2026-06-11 19:27:50.347359,0 days 00:00:56.566582,0.5712187221011369,0.5957064573953924,0.019482021023866973,82,468,35,0.09372256779953407,0.12261051583896332,COMPLETE
144,0.892274372370748,2026-06-11 19:27:50.348934,2026-06-11 19:28:43.256231,0 days 00:00:52.907297,0.5958078072884724,0.6242148694791678,0.06115662649692078,112,500,40,0.15567804530938958,0.10984961405429906,COMPLETE
145,0.9049002691474758,2026-06-11 19:28:43.257635,2026-06-11 19:29:33.511393,0 days 00:00:50.253758,0.5510031024182738,0.6443976905298018,0.017236067574008068,96,447,37,0.03201964095808819,0.1495731625394981,COMPLETE
146,0.9052203394082361,2026-06-11 19:29:33.512935,2026-06-11 19:30:31.237088,0 days 00:00:57.724153,0.5845997823472469,0.6160482318077088,0.021769518514570586,75,488,38,0.07552842349786179,0.130350568036109,COMPLETE
147,0.905293027622759,2026-06-11 19:30:31.238503,2026-06-11 19:31:20.818580,0 days 00:00:49.580077,0.5158716464164165,0.6327475687723162,0.020105395509264185,62,459,33,0.241394533173794,0.1634926236877931,COMPLETE
148,0.902967107047051,2026-06-11 19:31:20.819858,2026-06-11 19:32:17.409651,0 days 00:00:56.589793,0.5724161010286222,0.576854486205986,0.02419203628733113,276,479,35,4.223892909120664,0.11598212388825066,COMPLETE
149,0.8951261510269816,2026-06-11 19:32:17.411092,2026-06-11 19:32:36.929235,0 days 00:00:19.518143,0.5395675377847848,0.6429116377770578,0.016577010422665017,87,157,36,0.2155550578241134,0.14437021992386462,COMPLETE
150,0.9057887025333422,2026-06-11 19:32:36.930680,2026-06-11 19:33:33.115912,0 days 00:00:56.185232,0.5975661790891781,0.6059337387639742,0.018269079538302868,68,489,34,0.04088275268938709,1.7032669501473157,COMPLETE
151,0.904956253940879,2026-06-11 19:33:33.117365,2026-06-11 19:34:32.476452,0 days 00:00:59.359087,0.6156692641340957,0.5881815345988373,0.01911260213113495,59,474,39,0.11824683622918836,0.10155713636807934,COMPLETE
152,0.9067149335944041,2026-06-11 19:34:32.477938,2026-06-11 19:35:27.865317,0 days 00:00:55.387379,0.6310887564641245,0.6237830296831376,0.018839604491513284,58,471,39,0.15117558362765152,0.10073099744058682,COMPLETE
153,0.9055368944453177,2026-06-11 19:35:27.866828,2026-06-11 19:48:30.727411,0 days 00:13:02.860583,0.6424869952502914,0.6218926838446011,0.020638560599095256,73,462,38,0.056918452472593514,0.10025923405748619,COMPLETE
154,0.9049233855930269,2026-06-11 19:48:30.728829,2026-06-11 19:49:33.176628,0 days 00:01:02.447799,0.6559397662174851,0.6327031080563453,0.022689132658054695,81,489,41,0.327014722211482,0.12357263047851261,COMPLETE
155,0.9049944072892478,2026-06-11 19:49:33.177942,2026-06-11 19:50:25.759982,0 days 00:00:52.582040,0.6344826624655283,0.6119623196641605,0.015473077185848652,61,471,35,0.07204825440843035,0.11100290967563382,COMPLETE
156,0.9058104420741523,2026-06-11 19:50:25.761468,2026-06-11 19:51:23.037856,0 days 00:00:57.276388,0.6018361181615028,0.5968701776608143,0.017314242573758434,95,482,37,0.09435411490758086,0.13174201098264646,COMPLETE
157,0.8855725365921425,2026-06-11 19:51:23.039292,2026-06-11 19:52:11.053307,0 days 00:00:48.014015,0.5582315462082618,0.6505601304403603,0.08033644922701867,67,493,40,0.03149513947009867,0.16945211483696943,COMPLETE
158,0.9057063864248522,2026-06-11 19:52:11.054747,2026-06-11 19:53:09.375111,0 days 00:00:58.320364,0.578988772981473,0.659280816895337,0.019962901563766535,50,439,36,0.14519635583572194,0.14233125185705547,COMPLETE
159,0.9060550349228131,2026-06-11 19:53:09.376609,2026-06-11 19:53:59.720061,0 days 00:00:50.343452,0.6654970266988579,0.6240173355739413,0.02138604679525817,83,466,33,0.04919215167394369,0.1102071392735397,COMPLETE
160,0.9060060749040647,2026-06-11 19:53:59.721324,2026-06-11 19:54:57.618343,0 days 00:00:57.897019,0.6318344368603059,0.6426538346147734,0.018783106402318495,72,500,39,0.16417638185447517,0.12288683387700414,COMPLETE
161,0.905819130405069,2026-06-11 19:54:57.619854,2026-06-11 19:55:58.345053,0 days 00:01:00.725199,0.6114387059106801,0.5759206752202223,0.01874508758955421,50,473,41,0.12208717050290852,0.11102033311207087,COMPLETE
162,0.9061149500538555,2026-06-11 19:55:58.346481,2026-06-11 19:56:52.740816,0 days 00:00:54.394335,0.5884044637903706,0.5983540338418604,0.017743791334198573,57,452,38,0.1068618091960503,0.10206975054678172,COMPLETE
163,0.896540752738712,2026-06-11 19:56:52.742265,2026-06-11 19:57:47.387596,0 days 00:00:54.645331,0.5906411323413325,0.6074308005808676,0.006117991848393764,60,453,38,0.26147107820632914,0.1004743512893927,COMPLETE
164,0.9048403625210588,2026-06-11 19:57:47.389037,2026-06-11 19:58:42.101408,0 days 00:00:54.712371,0.547522512129117,0.5976594228882841,0.016281127756041926,66,459,37,0.06494877541978794,0.13056102938902,COMPLETE
165,0.9000775528861614,2026-06-11 19:58:42.102864,2026-06-11 19:59:09.834565,0 days 00:00:27.731701,0.5695206516265375,0.6168420107854077,0.017602500905566833,77,226,34,0.08198664842283586,0.1157921490760773,COMPLETE
166,0.9058349666862938,2026-06-11 19:59:09.836006,2026-06-11 20:00:01.589016,0 days 00:00:51.753010,0.6567389250393291,0.626232093659132,0.020327423193083876,58,479,32,0.19715669902766195,0.15185216935750778,COMPLETE
167,0.9054411748555171,2026-06-11 20:00:01.590712,2026-06-11 20:00:55.091662,0 days 00:00:53.500950,0.588549289178606,0.635388910822891,0.023324189411908624,90,444,43,0.10445556419754017,0.1359147654163091,COMPLETE
168,0.9057005238877444,2026-06-11 20:00:55.093163,2026-06-11 20:01:51.410256,0 days 00:00:56.317093,0.6254673105540454,0.6125072721324609,0.016598100802458268,71,483,37,0.1425374540507674,0.11072417992841493,COMPLETE
169,0.9048484398506271,2026-06-11 20:01:51.411718,2026-06-11 20:02:44.509411,0 days 00:00:53.097693,0.6043803789878359,0.6556008300638212,0.024668768954800108,106,492,36,0.03962157457349437,0.6089928454970095,COMPLETE
170,0.9041575620907454,2026-06-11 20:02:44.510846,2026-06-11 20:03:38.030760,0 days 00:00:53.519914,0.7101616912101822,0.640700967954336,0.014465693756089039,57,456,35,0.05699388011540156,0.1592377863759692,COMPLETE
171,0.9059258114925473,2026-06-11 20:03:38.032217,2026-06-11 20:04:34.579175,0 days 00:00:56.546958,0.6134201675373275,0.5913070233240358,0.018788200841080595,51,467,39,0.116443388474622,0.12220148444475173,COMPLETE
172,0.9059357543785705,2026-06-11 20:04:34.580765,2026-06-11 20:05:31.019373,0 days 00:00:56.438608,0.6183985434386008,0.603673093163677,0.018409364999572846,50,474,39,0.15923492456692226,0.1009379353408285,COMPLETE
173,0.9056414693707436,2026-06-11 20:05:31.020843,2026-06-11 20:06:26.899093,0 days 00:00:55.878250,0.5947619750303534,0.6268873569083074,0.0211652033932949,65,486,40,0.09154975236091681,0.11055090710184433,COMPLETE
174,0.9051967690345932,2026-06-11 20:06:26.900542,2026-06-11 20:07:26.048079,0 days 00:00:59.147537,0.6721647803343216,0.5886624644679962,0.019403697366948924,82,473,38,0.12351323329906742,0.10008717664939529,COMPLETE
175,0.904599779580446,2026-06-11 20:07:26.049512,2026-06-11 20:08:25.049451,0 days 00:00:58.999939,0.6430321418559188,0.6173005325883626,0.0172622803419589,62,494,36,0.17899926253220158,0.1293823187158342,COMPLETE
176,0.9044110786993935,2026-06-11 20:08:25.050944,2026-06-11 20:09:24.074070,0 days 00:00:59.023126,0.9338148449508552,0.5553299421612088,0.015511838965951102,74,463,34,0.04629253397989316,0.11981687868917813,COMPLETE
177,0.905690320425755,2026-06-11 20:09:24.075537,2026-06-11 20:10:20.128291,0 days 00:00:56.052754,0.5621534074243058,0.6009635577013345,0.022394982088564264,58,450,38,0.21685577518214785,0.11056798311739396,COMPLETE
178,0.9063130857867241,2026-06-11 20:10:20.129805,2026-06-11 20:11:15.067803,0 days 00:00:54.937998,0.5806206376148937,0.6329052000120248,0.02004486202133612,95,481,37,0.07932011570168081,0.13805842758739006,COMPLETE
179,0.9052265824738907,2026-06-11 20:11:15.069275,2026-06-11 20:12:08.676509,0 days 00:00:53.607234,0.5754712803667184,0.632348922524325,0.02045073151599273,119,481,35,0.07190161498164181,0.18191390394159085,COMPLETE
180,0.9065384842610973,2026-06-11 20:12:08.677990,2026-06-11 20:13:04.438204,0 days 00:00:55.760214,0.5811199192384706,0.6472614773041233,0.021443620318233197,99,500,37,0.09640753786928166,0.140232643154153,COMPLETE
181,0.9054693031750423,2026-06-11 20:13:04.439849,2026-06-11 20:14:09.138861,0 days 00:01:04.699012,0.5804758167779259,0.6482945452780667,0.021871660701122574,101,500,37,0.09914999720491906,0.1427124500538362,COMPLETE
182,0.9062646343620329,2026-06-11 20:14:09.140493,2026-06-11 20:15:05.243869,0 days 00:00:56.103376,0.5676580889470971,0.6397955347656357,0.017612053304531198,91,491,36,0.08617761325959754,0.1572055303202117,COMPLETE
183,0.9056126103254201,2026-06-11 20:15:05.245323,2026-06-11 20:16:00.154815,0 days 00:00:54.909492,0.5573645810745383,0.6650565600357655,0.019848418056695436,94,490,36,0.07963205296695497,0.17001607657052153,COMPLETE
184,0.9056178490748582,2026-06-11 20:16:00.156286,2026-06-11 20:16:55.632096,0 days 00:00:55.475810,0.5850733573901163,0.6394277587052808,0.023572207970529453,110,493,37,0.10615577891928098,0.13741169654639135,COMPLETE
185,0.9048851437804982,2026-06-11 20:16:55.633527,2026-06-11 20:17:50.753131,0 days 00:00:55.119604,0.5709870160515014,0.647451280620247,0.021126007401283075,86,482,36,0.06388927144418366,0.15806276499324642,COMPLETE
186,0.9047616640966368,2026-06-11 20:17:50.754668,2026-06-11 20:18:53.992429,0 days 00:01:03.237761,0.5468268427802081,0.6571344084203171,0.01963747542893003,99,499,38,0.14484462099230488,0.19385991711079695,COMPLETE
187,0.9055818692064251,2026-06-11 20:18:53.993878,2026-06-11 20:19:54.234502,0 days 00:01:00.240624,0.5628719792043579,0.6305104211318242,0.01693576302638305,124,486,35,0.09181368389233671,0.12317222221387794,COMPLETE
188,0.9064876189121256,2026-06-11 20:19:54.235773,2026-06-11 20:20:51.682714,0 days 00:00:57.446941,0.6031291277237107,0.6681205914102551,0.017845878531781323,89,500,37,0.07927072813120434,0.13968565303873776,COMPLETE
189,0.905901289205925,2026-06-11 20:20:51.684212,2026-06-11 20:21:46.941784,0 days 00:00:55.257572,0.6012010434254541,0.6765015976096115,0.025243254754585758,93,500,37,0.052407756973244776,0.2147163448196064,COMPLETE
190,0.9050761184266816,2026-06-11 20:21:46.943219,2026-06-11 20:22:40.791490,0 days 00:00:53.848271,0.5383358129876981,0.6697483952191949,0.02172076352714776,115,488,34,0.08132637089647862,0.14393134938906565,COMPLETE
191,0.9046626041597251,2026-06-11 20:22:40.792944,2026-06-11 20:23:32.344015,0 days 00:00:51.551071,0.9167225688408427,0.6391136326228332,0.017912634690550554,80,492,23,0.06378413693656695,0.12949990884829032,COMPLETE
192,0.9063991562970263,2026-06-11 20:23:32.345529,2026-06-11 20:24:26.637343,0 days 00:00:54.291814,0.59216494712449,0.6547224264515518,0.01914678386555604,86,479,36,0.11358098241018574,0.11859346058496407,COMPLETE
193,0.9048280252666916,2026-06-11 20:24:26.638807,2026-06-11 20:25:21.875839,0 days 00:00:55.237032,0.5935247034735659,0.6577908035216689,0.01906179765484881,105,480,36,0.12207899121804829,0.15862929287994695,COMPLETE
194,0.9066809230566394,2026-06-11 20:25:21.877267,2026-06-11 20:26:15.622826,0 days 00:00:53.745559,0.5781757997092882,0.649029029269485,0.020711559018562954,89,492,35,0.1620169187922767,0.5253206043097847,COMPLETE
195,0.9058298249723353,2026-06-11 20:26:15.624314,2026-06-11 20:27:09.918196,0 days 00:00:54.293882,0.6066573363868342,0.6504237395021929,0.020592454036904108,88,500,35,0.08049334007777229,0.5510074686588992,COMPLETE
196,0.9057102326663623,2026-06-11 20:27:09.919715,2026-06-11 20:28:05.132148,0 days 00:00:55.212433,0.5788745479842066,0.6648959831194747,0.02262594328781712,97,491,35,2.4398535975686984,0.39411386560668465,COMPLETE
197,0.9053612006123514,2026-06-11 20:28:05.133747,2026-06-11 20:29:00.351633,0 days 00:00:55.217886,0.5979932763775404,0.6441485987433511,0.01592300032983025,87,484,36,0.15803127362371858,0.5071248134360133,COMPLETE
